2020-07-29 17:57:48.376 [main] INFO  com.bos.source.HellodemoApplication - Starting HellodemoApplication on DESKTOP-87J7PPL with PID 22424 (D:\000ideapro\javaboyzijicode\springbootproself\exercise\target\classes started by source in D:\000ideapro\javaboyzijicode\springbootproself)
2020-07-29 17:57:48.384 [main] INFO  com.bos.source.HellodemoApplication - No active profile set, falling back to default profiles: default
2020-07-29 17:57:50.831 [main] INFO  o.s.boot.web.embedded.tomcat.TomcatWebServer - Tomcat initialized with port(s): 8888 (http)
2020-07-29 17:57:50.840 [main] INFO  org.apache.coyote.http11.Http11NioProtocol - Initializing ProtocolHandler ["http-nio-8888"]
2020-07-29 17:57:50.841 [main] INFO  org.apache.catalina.core.StandardService - Starting service [Tomcat]
2020-07-29 17:57:50.841 [main] INFO  org.apache.catalina.core.StandardEngine - Starting Servlet engine: [Apache Tomcat/9.0.36]
2020-07-29 17:57:50.960 [main] INFO  o.a.c.core.ContainerBase.[Tomcat].[localhost].[/] - Initializing Spring embedded WebApplicationContext
2020-07-29 17:57:50.960 [main] INFO  o.s.b.w.s.c.ServletWebServerApplicationContext - Root WebApplicationContext: initialization completed in 2377 ms
2020-07-29 17:57:52.326 [main] INFO  o.s.b.actuate.endpoint.web.EndpointLinksResolver - Exposing 14 endpoint(s) beneath base path '/actuator'
2020-07-29 17:57:52.387 [main] INFO  s.d.s.w.PropertySourcedRequestMappingHandlerMapping - Mapped URL path [/v2/api-docs] onto method [springfox.documentation.swagger2.web.Swagger2Controller#getDocumentation(String, HttpServletRequest)]
2020-07-29 17:57:52.473 [main] INFO  o.s.scheduling.concurrent.ThreadPoolTaskExecutor - Initializing ExecutorService 'applicationTaskExecutor'
2020-07-29 17:57:52.819 [main] INFO  o.s.security.web.DefaultSecurityFilterChain - Creating filter chain: any request, [org.springframework.security.web.context.request.async.WebAsyncManagerIntegrationFilter@3375ebd3, org.springframework.security.web.context.SecurityContextPersistenceFilter@553d2579, org.springframework.security.web.header.HeaderWriterFilter@6371cf2f, org.springframework.security.web.csrf.CsrfFilter@3ca14cf4, org.springframework.security.web.authentication.logout.LogoutFilter@61f377d1, org.springframework.security.web.authentication.UsernamePasswordAuthenticationFilter@261b9a37, org.springframework.security.web.authentication.ui.DefaultLoginPageGeneratingFilter@5c18d6d4, org.springframework.security.web.authentication.ui.DefaultLogoutPageGeneratingFilter@40943a6, org.springframework.security.web.authentication.www.BasicAuthenticationFilter@35787726, org.springframework.security.web.savedrequest.RequestCacheAwareFilter@1ac730cd, org.springframework.security.web.servletapi.SecurityContextHolderAwareRequestFilter@27b337bb, org.springframework.security.web.authentication.AnonymousAuthenticationFilter@798cb6d9, org.springframework.security.web.session.SessionManagementFilter@52b959df, org.springframework.security.web.access.ExceptionTranslationFilter@3b7c58e7, org.springframework.security.web.access.intercept.FilterSecurityInterceptor@715fa8c5]
2020-07-29 17:57:52.868 [main] INFO  org.apache.coyote.http11.Http11NioProtocol - Starting ProtocolHandler ["http-nio-8888"]
2020-07-29 17:57:52.889 [main] INFO  o.s.boot.web.embedded.tomcat.TomcatWebServer - Tomcat started on port(s): 8888 (http) with context path ''
2020-07-29 17:57:52.890 [main] INFO  s.d.s.web.plugins.DocumentationPluginsBootstrapper - Context refreshed
2020-07-29 17:57:52.912 [main] INFO  s.d.s.web.plugins.DocumentationPluginsBootstrapper - Found 1 custom documentation plugin(s)
2020-07-29 17:57:52.959 [main] INFO  s.d.spring.web.scanners.ApiListingReferenceScanner - Scanning for api listing references
2020-07-29 17:57:53.129 [main] INFO  s.d.s.w.r.operation.CachingOperationNameGenerator - Generating unique operation named: deleteUsingDELETE_1
2020-07-29 17:57:53.196 [main] INFO  com.bos.source.HellodemoApplication - Started HellodemoApplication in 5.708 seconds (JVM running for 7.155)
2020-07-29 17:57:54.056 [RMI TCP Connection(2)-192.168.42.224] INFO  o.a.c.core.ContainerBase.[Tomcat].[localhost].[/] - Initializing Spring DispatcherServlet 'dispatcherServlet'
2020-07-29 17:57:54.057 [RMI TCP Connection(2)-192.168.42.224] INFO  org.springframework.web.servlet.DispatcherServlet - Initializing Servlet 'dispatcherServlet'
2020-07-29 17:57:54.066 [RMI TCP Connection(2)-192.168.42.224] INFO  org.springframework.web.servlet.DispatcherServlet - Completed initialization in 9 ms
2020-07-29 17:57:54.140 [RMI TCP Connection(1)-192.168.42.224] INFO  com.alibaba.druid.pool.DruidDataSource - {dataSource-1} inited
2020-07-29 18:00:59.316 [main] INFO  com.bos.source.HellodemoApplication - Starting HellodemoApplication on DESKTOP-87J7PPL with PID 25360 (D:\000ideapro\javaboyzijicode\springbootproself\exercise\target\classes started by source in D:\000ideapro\javaboyzijicode\springbootproself)
2020-07-29 18:00:59.320 [main] INFO  com.bos.source.HellodemoApplication - No active profile set, falling back to default profiles: default
2020-07-29 18:01:01.222 [main] INFO  o.s.boot.web.embedded.tomcat.TomcatWebServer - Tomcat initialized with port(s): 8888 (http)
2020-07-29 18:01:01.232 [main] INFO  org.apache.coyote.http11.Http11NioProtocol - Initializing ProtocolHandler ["http-nio-8888"]
2020-07-29 18:01:01.233 [main] INFO  org.apache.catalina.core.StandardService - Starting service [Tomcat]
2020-07-29 18:01:01.233 [main] INFO  org.apache.catalina.core.StandardEngine - Starting Servlet engine: [Apache Tomcat/9.0.36]
2020-07-29 18:01:01.325 [main] INFO  o.a.c.core.ContainerBase.[Tomcat].[localhost].[/] - Initializing Spring embedded WebApplicationContext
2020-07-29 18:01:01.326 [main] INFO  o.s.b.w.s.c.ServletWebServerApplicationContext - Root WebApplicationContext: initialization completed in 1936 ms
2020-07-29 18:01:02.432 [main] INFO  o.s.b.actuate.endpoint.web.EndpointLinksResolver - Exposing 14 endpoint(s) beneath base path '/actuator'
2020-07-29 18:01:02.506 [main] INFO  s.d.s.w.PropertySourcedRequestMappingHandlerMapping - Mapped URL path [/v2/api-docs] onto method [springfox.documentation.swagger2.web.Swagger2Controller#getDocumentation(String, HttpServletRequest)]
2020-07-29 18:01:02.595 [main] INFO  o.s.scheduling.concurrent.ThreadPoolTaskExecutor - Initializing ExecutorService 'applicationTaskExecutor'
2020-07-29 18:01:02.888 [main] INFO  o.s.security.web.DefaultSecurityFilterChain - Creating filter chain: any request, [org.springframework.security.web.context.request.async.WebAsyncManagerIntegrationFilter@2f9a10df, org.springframework.security.web.context.SecurityContextPersistenceFilter@30a7653e, org.springframework.security.web.header.HeaderWriterFilter@7c46c9c3, org.springframework.security.web.csrf.CsrfFilter@4dad8ec0, org.springframework.security.web.authentication.logout.LogoutFilter@a1691c0, org.springframework.security.web.authentication.UsernamePasswordAuthenticationFilter@256a0d95, org.springframework.security.web.authentication.ui.DefaultLoginPageGeneratingFilter@3fdcde7a, org.springframework.security.web.authentication.ui.DefaultLogoutPageGeneratingFilter@773c2214, org.springframework.security.web.authentication.www.BasicAuthenticationFilter@7418d76e, org.springframework.security.web.savedrequest.RequestCacheAwareFilter@6401188a, org.springframework.security.web.servletapi.SecurityContextHolderAwareRequestFilter@592ca48c, org.springframework.security.web.authentication.AnonymousAuthenticationFilter@15e1f8fe, org.springframework.security.web.session.SessionManagementFilter@1f10fec6, org.springframework.security.web.access.ExceptionTranslationFilter@6fa02932, org.springframework.security.web.access.intercept.FilterSecurityInterceptor@dbddbe3]
2020-07-29 18:01:02.951 [main] INFO  org.apache.coyote.http11.Http11NioProtocol - Starting ProtocolHandler ["http-nio-8888"]
2020-07-29 18:01:02.973 [main] INFO  o.s.boot.web.embedded.tomcat.TomcatWebServer - Tomcat started on port(s): 8888 (http) with context path ''
2020-07-29 18:01:02.974 [main] INFO  s.d.s.web.plugins.DocumentationPluginsBootstrapper - Context refreshed
2020-07-29 18:01:02.989 [main] INFO  s.d.s.web.plugins.DocumentationPluginsBootstrapper - Found 1 custom documentation plugin(s)
2020-07-29 18:01:03.036 [main] INFO  s.d.spring.web.scanners.ApiListingReferenceScanner - Scanning for api listing references
2020-07-29 18:01:03.165 [main] INFO  s.d.s.w.r.operation.CachingOperationNameGenerator - Generating unique operation named: deleteUsingDELETE_1
2020-07-29 18:01:03.228 [main] INFO  com.bos.source.HellodemoApplication - Started HellodemoApplication in 4.624 seconds (JVM running for 5.622)
2020-07-29 18:01:03.777 [RMI TCP Connection(2)-192.168.42.224] INFO  o.a.c.core.ContainerBase.[Tomcat].[localhost].[/] - Initializing Spring DispatcherServlet 'dispatcherServlet'
2020-07-29 18:01:03.778 [RMI TCP Connection(2)-192.168.42.224] INFO  org.springframework.web.servlet.DispatcherServlet - Initializing Servlet 'dispatcherServlet'
2020-07-29 18:01:03.785 [RMI TCP Connection(2)-192.168.42.224] INFO  org.springframework.web.servlet.DispatcherServlet - Completed initialization in 7 ms
2020-07-29 18:01:03.818 [RMI TCP Connection(1)-192.168.42.224] INFO  com.alibaba.druid.pool.DruidDataSource - {dataSource-1} inited
2020-07-29 18:02:57.505 [main] INFO  com.bos.source.HellodemoApplication - Starting HellodemoApplication on DESKTOP-87J7PPL with PID 14184 (D:\000ideapro\javaboyzijicode\springbootproself\exercise\target\classes started by source in D:\000ideapro\javaboyzijicode\springbootproself)
2020-07-29 18:02:57.509 [main] INFO  com.bos.source.HellodemoApplication - No active profile set, falling back to default profiles: default
2020-07-29 18:02:59.171 [main] INFO  o.s.boot.web.embedded.tomcat.TomcatWebServer - Tomcat initialized with port(s): 8888 (http)
2020-07-29 18:02:59.181 [main] INFO  org.apache.coyote.http11.Http11NioProtocol - Initializing ProtocolHandler ["http-nio-8888"]
2020-07-29 18:02:59.182 [main] INFO  org.apache.catalina.core.StandardService - Starting service [Tomcat]
2020-07-29 18:02:59.182 [main] INFO  org.apache.catalina.core.StandardEngine - Starting Servlet engine: [Apache Tomcat/9.0.36]
2020-07-29 18:02:59.275 [main] INFO  o.a.c.core.ContainerBase.[Tomcat].[localhost].[/] - Initializing Spring embedded WebApplicationContext
2020-07-29 18:02:59.276 [main] INFO  o.s.b.w.s.c.ServletWebServerApplicationContext - Root WebApplicationContext: initialization completed in 1710 ms
2020-07-29 18:03:00.441 [main] INFO  o.s.b.actuate.endpoint.web.EndpointLinksResolver - Exposing 14 endpoint(s) beneath base path '/actuator'
2020-07-29 18:03:00.525 [main] INFO  s.d.s.w.PropertySourcedRequestMappingHandlerMapping - Mapped URL path [/v2/api-docs] onto method [springfox.documentation.swagger2.web.Swagger2Controller#getDocumentation(String, HttpServletRequest)]
2020-07-29 18:03:00.612 [main] INFO  o.s.scheduling.concurrent.ThreadPoolTaskExecutor - Initializing ExecutorService 'applicationTaskExecutor'
2020-07-29 18:03:00.897 [main] INFO  o.s.security.web.DefaultSecurityFilterChain - Creating filter chain: any request, [org.springframework.security.web.context.request.async.WebAsyncManagerIntegrationFilter@2f3928ac, org.springframework.security.web.context.SecurityContextPersistenceFilter@77b5148c, org.springframework.security.web.header.HeaderWriterFilter@4f1fb828, org.springframework.security.web.csrf.CsrfFilter@3b97907c, org.springframework.security.web.authentication.logout.LogoutFilter@592ca48c, org.springframework.security.web.authentication.UsernamePasswordAuthenticationFilter@153cb763, org.springframework.security.web.authentication.ui.DefaultLoginPageGeneratingFilter@7a65a360, org.springframework.security.web.authentication.ui.DefaultLogoutPageGeneratingFilter@4bf03fee, org.springframework.security.web.authentication.www.BasicAuthenticationFilter@599a9cb2, org.springframework.security.web.savedrequest.RequestCacheAwareFilter@1ab14636, org.springframework.security.web.servletapi.SecurityContextHolderAwareRequestFilter@7197b07f, org.springframework.security.web.authentication.AnonymousAuthenticationFilter@31834a2b, org.springframework.security.web.session.SessionManagementFilter@20d19f2c, org.springframework.security.web.access.ExceptionTranslationFilter@24dd44f9, org.springframework.security.web.access.intercept.FilterSecurityInterceptor@587c5c1]
2020-07-29 18:03:00.947 [main] INFO  org.apache.coyote.http11.Http11NioProtocol - Starting ProtocolHandler ["http-nio-8888"]
2020-07-29 18:03:00.970 [main] INFO  o.s.boot.web.embedded.tomcat.TomcatWebServer - Tomcat started on port(s): 8888 (http) with context path ''
2020-07-29 18:03:00.971 [main] INFO  s.d.s.web.plugins.DocumentationPluginsBootstrapper - Context refreshed
2020-07-29 18:03:00.987 [main] INFO  s.d.s.web.plugins.DocumentationPluginsBootstrapper - Found 1 custom documentation plugin(s)
2020-07-29 18:03:01.033 [main] INFO  s.d.spring.web.scanners.ApiListingReferenceScanner - Scanning for api listing references
2020-07-29 18:03:01.176 [main] INFO  s.d.s.w.r.operation.CachingOperationNameGenerator - Generating unique operation named: deleteUsingDELETE_1
2020-07-29 18:03:01.245 [main] INFO  com.bos.source.HellodemoApplication - Started HellodemoApplication in 4.481 seconds (JVM running for 5.573)
2020-07-29 18:03:02.358 [RMI TCP Connection(3)-192.168.42.224] INFO  o.a.c.core.ContainerBase.[Tomcat].[localhost].[/] - Initializing Spring DispatcherServlet 'dispatcherServlet'
2020-07-29 18:03:02.359 [RMI TCP Connection(3)-192.168.42.224] INFO  org.springframework.web.servlet.DispatcherServlet - Initializing Servlet 'dispatcherServlet'
2020-07-29 18:03:02.366 [RMI TCP Connection(3)-192.168.42.224] INFO  org.springframework.web.servlet.DispatcherServlet - Completed initialization in 7 ms
2020-07-29 18:03:02.392 [RMI TCP Connection(4)-192.168.42.224] INFO  com.alibaba.druid.pool.DruidDataSource - {dataSource-1} inited
2020-07-29 18:05:19.459 [main] INFO  com.bos.source.HellodemoApplication - Starting HellodemoApplication on DESKTOP-87J7PPL with PID 9848 (D:\000ideapro\javaboyzijicode\springbootproself\exercise\target\classes started by source in D:\000ideapro\javaboyzijicode\springbootproself)
2020-07-29 18:05:19.463 [main] INFO  com.bos.source.HellodemoApplication - No active profile set, falling back to default profiles: default
2020-07-29 18:05:21.197 [main] INFO  o.s.boot.web.embedded.tomcat.TomcatWebServer - Tomcat initialized with port(s): 8888 (http)
2020-07-29 18:05:21.205 [main] INFO  org.apache.coyote.http11.Http11NioProtocol - Initializing ProtocolHandler ["http-nio-8888"]
2020-07-29 18:05:21.205 [main] INFO  org.apache.catalina.core.StandardService - Starting service [Tomcat]
2020-07-29 18:05:21.206 [main] INFO  org.apache.catalina.core.StandardEngine - Starting Servlet engine: [Apache Tomcat/9.0.36]
2020-07-29 18:05:21.297 [main] INFO  o.a.c.core.ContainerBase.[Tomcat].[localhost].[/] - Initializing Spring embedded WebApplicationContext
2020-07-29 18:05:21.297 [main] INFO  o.s.b.w.s.c.ServletWebServerApplicationContext - Root WebApplicationContext: initialization completed in 1767 ms
2020-07-29 18:05:22.314 [main] INFO  o.s.b.actuate.endpoint.web.EndpointLinksResolver - Exposing 14 endpoint(s) beneath base path '/actuator'
2020-07-29 18:05:22.380 [main] INFO  s.d.s.w.PropertySourcedRequestMappingHandlerMapping - Mapped URL path [/v2/api-docs] onto method [springfox.documentation.swagger2.web.Swagger2Controller#getDocumentation(String, HttpServletRequest)]
2020-07-29 18:05:22.462 [main] INFO  o.s.scheduling.concurrent.ThreadPoolTaskExecutor - Initializing ExecutorService 'applicationTaskExecutor'
2020-07-29 18:05:22.785 [main] INFO  o.s.security.web.DefaultSecurityFilterChain - Creating filter chain: any request, [org.springframework.security.web.context.request.async.WebAsyncManagerIntegrationFilter@27960b1e, org.springframework.security.web.context.SecurityContextPersistenceFilter@631c6d11, org.springframework.security.web.header.HeaderWriterFilter@7ab802f4, org.springframework.security.web.csrf.CsrfFilter@38588dea, org.springframework.security.web.authentication.logout.LogoutFilter@437bd805, org.springframework.security.web.authentication.UsernamePasswordAuthenticationFilter@100aa331, org.springframework.security.web.authentication.ui.DefaultLoginPageGeneratingFilter@24dd44f9, org.springframework.security.web.authentication.ui.DefaultLogoutPageGeneratingFilter@643ba1ed, org.springframework.security.web.authentication.www.BasicAuthenticationFilter@613f7eb7, org.springframework.security.web.savedrequest.RequestCacheAwareFilter@62ade015, org.springframework.security.web.servletapi.SecurityContextHolderAwareRequestFilter@63f40ca0, org.springframework.security.web.authentication.AnonymousAuthenticationFilter@3d3a1903, org.springframework.security.web.session.SessionManagementFilter@3b97907c, org.springframework.security.web.access.ExceptionTranslationFilter@6cbb175, org.springframework.security.web.access.intercept.FilterSecurityInterceptor@37e0056e]
2020-07-29 18:05:22.828 [main] INFO  org.apache.coyote.http11.Http11NioProtocol - Starting ProtocolHandler ["http-nio-8888"]
2020-07-29 18:05:22.849 [main] INFO  o.s.boot.web.embedded.tomcat.TomcatWebServer - Tomcat started on port(s): 8888 (http) with context path ''
2020-07-29 18:05:22.851 [main] INFO  s.d.s.web.plugins.DocumentationPluginsBootstrapper - Context refreshed
2020-07-29 18:05:22.868 [main] INFO  s.d.s.web.plugins.DocumentationPluginsBootstrapper - Found 1 custom documentation plugin(s)
2020-07-29 18:05:22.916 [main] INFO  s.d.spring.web.scanners.ApiListingReferenceScanner - Scanning for api listing references
2020-07-29 18:05:23.077 [main] INFO  s.d.s.w.r.operation.CachingOperationNameGenerator - Generating unique operation named: deleteUsingDELETE_1
2020-07-29 18:05:23.134 [main] INFO  com.bos.source.HellodemoApplication - Started HellodemoApplication in 4.352 seconds (JVM running for 5.369)
2020-07-29 18:05:23.517 [RMI TCP Connection(1)-192.168.42.224] INFO  o.a.c.core.ContainerBase.[Tomcat].[localhost].[/] - Initializing Spring DispatcherServlet 'dispatcherServlet'
2020-07-29 18:05:23.517 [RMI TCP Connection(1)-192.168.42.224] INFO  org.springframework.web.servlet.DispatcherServlet - Initializing Servlet 'dispatcherServlet'
2020-07-29 18:05:23.524 [RMI TCP Connection(1)-192.168.42.224] INFO  org.springframework.web.servlet.DispatcherServlet - Completed initialization in 7 ms
2020-07-29 18:05:24.155 [RMI TCP Connection(3)-192.168.42.224] INFO  com.alibaba.druid.pool.DruidDataSource - {dataSource-1} inited
2020-07-29 18:08:33.389 [main] INFO  com.bos.source.HellodemoApplication - Starting HellodemoApplication on DESKTOP-87J7PPL with PID 23896 (D:\000ideapro\javaboyzijicode\springbootproself\exercise\target\classes started by source in D:\000ideapro\javaboyzijicode\springbootproself)
2020-07-29 18:08:33.393 [main] INFO  com.bos.source.HellodemoApplication - No active profile set, falling back to default profiles: default
2020-07-29 18:08:35.120 [main] INFO  o.s.boot.web.embedded.tomcat.TomcatWebServer - Tomcat initialized with port(s): 8888 (http)
2020-07-29 18:08:35.129 [main] INFO  org.apache.coyote.http11.Http11NioProtocol - Initializing ProtocolHandler ["http-nio-8888"]
2020-07-29 18:08:35.130 [main] INFO  org.apache.catalina.core.StandardService - Starting service [Tomcat]
2020-07-29 18:08:35.130 [main] INFO  org.apache.catalina.core.StandardEngine - Starting Servlet engine: [Apache Tomcat/9.0.36]
2020-07-29 18:08:35.217 [main] INFO  o.a.c.core.ContainerBase.[Tomcat].[localhost].[/] - Initializing Spring embedded WebApplicationContext
2020-07-29 18:08:35.218 [main] INFO  o.s.b.w.s.c.ServletWebServerApplicationContext - Root WebApplicationContext: initialization completed in 1764 ms
2020-07-29 18:08:36.244 [main] INFO  o.s.b.actuate.endpoint.web.EndpointLinksResolver - Exposing 14 endpoint(s) beneath base path '/actuator'
2020-07-29 18:08:36.305 [main] INFO  s.d.s.w.PropertySourcedRequestMappingHandlerMapping - Mapped URL path [/v2/api-docs] onto method [springfox.documentation.swagger2.web.Swagger2Controller#getDocumentation(String, HttpServletRequest)]
2020-07-29 18:08:36.388 [main] INFO  o.s.scheduling.concurrent.ThreadPoolTaskExecutor - Initializing ExecutorService 'applicationTaskExecutor'
2020-07-29 18:08:36.680 [main] INFO  o.s.security.web.DefaultSecurityFilterChain - Creating filter chain: any request, [org.springframework.security.web.context.request.async.WebAsyncManagerIntegrationFilter@7675c171, org.springframework.security.web.context.SecurityContextPersistenceFilter@7197b07f, org.springframework.security.web.header.HeaderWriterFilter@4b88ca8e, org.springframework.security.web.csrf.CsrfFilter@324b6a56, org.springframework.security.web.authentication.logout.LogoutFilter@6b63abdc, org.springframework.security.web.authentication.UsernamePasswordAuthenticationFilter@5e1a986c, org.springframework.security.web.authentication.ui.DefaultLoginPageGeneratingFilter@521441d5, org.springframework.security.web.authentication.ui.DefaultLogoutPageGeneratingFilter@44e4cb76, org.springframework.security.web.authentication.www.BasicAuthenticationFilter@68af87ad, org.springframework.security.web.savedrequest.RequestCacheAwareFilter@7a65a360, org.springframework.security.web.servletapi.SecurityContextHolderAwareRequestFilter@72ce812e, org.springframework.security.web.authentication.AnonymousAuthenticationFilter@51cab489, org.springframework.security.web.session.SessionManagementFilter@61608e1a, org.springframework.security.web.access.ExceptionTranslationFilter@53eba4b8, org.springframework.security.web.access.intercept.FilterSecurityInterceptor@6f731759]
2020-07-29 18:08:36.728 [main] INFO  org.apache.coyote.http11.Http11NioProtocol - Starting ProtocolHandler ["http-nio-8888"]
2020-07-29 18:08:36.749 [main] INFO  o.s.boot.web.embedded.tomcat.TomcatWebServer - Tomcat started on port(s): 8888 (http) with context path ''
2020-07-29 18:08:36.750 [main] INFO  s.d.s.web.plugins.DocumentationPluginsBootstrapper - Context refreshed
2020-07-29 18:08:36.767 [main] INFO  s.d.s.web.plugins.DocumentationPluginsBootstrapper - Found 1 custom documentation plugin(s)
2020-07-29 18:08:36.813 [main] INFO  s.d.spring.web.scanners.ApiListingReferenceScanner - Scanning for api listing references
2020-07-29 18:08:36.956 [main] INFO  s.d.s.w.r.operation.CachingOperationNameGenerator - Generating unique operation named: deleteUsingDELETE_1
2020-07-29 18:08:37.018 [main] INFO  com.bos.source.HellodemoApplication - Started HellodemoApplication in 4.489 seconds (JVM running for 5.617)
2020-07-29 18:08:37.379 [RMI TCP Connection(1)-192.168.42.224] INFO  o.a.c.core.ContainerBase.[Tomcat].[localhost].[/] - Initializing Spring DispatcherServlet 'dispatcherServlet'
2020-07-29 18:08:37.380 [RMI TCP Connection(1)-192.168.42.224] INFO  org.springframework.web.servlet.DispatcherServlet - Initializing Servlet 'dispatcherServlet'
2020-07-29 18:08:37.386 [RMI TCP Connection(1)-192.168.42.224] INFO  org.springframework.web.servlet.DispatcherServlet - Completed initialization in 6 ms
2020-07-29 18:08:38.008 [RMI TCP Connection(3)-192.168.42.224] INFO  com.alibaba.druid.pool.DruidDataSource - {dataSource-1} inited
2020-07-29 18:11:01.948 [main] INFO  com.bos.source.HellodemoApplication - Starting HellodemoApplication on DESKTOP-87J7PPL with PID 21336 (D:\000ideapro\javaboyzijicode\springbootproself\exercise\target\classes started by source in D:\000ideapro\javaboyzijicode\springbootproself)
2020-07-29 18:11:01.957 [main] INFO  com.bos.source.HellodemoApplication - No active profile set, falling back to default profiles: default
2020-07-29 18:11:05.271 [main] INFO  o.s.boot.web.embedded.tomcat.TomcatWebServer - Tomcat initialized with port(s): 8888 (http)
2020-07-29 18:11:05.287 [main] INFO  org.apache.coyote.http11.Http11NioProtocol - Initializing ProtocolHandler ["http-nio-8888"]
2020-07-29 18:11:05.288 [main] INFO  org.apache.catalina.core.StandardService - Starting service [Tomcat]
2020-07-29 18:11:05.289 [main] INFO  org.apache.catalina.core.StandardEngine - Starting Servlet engine: [Apache Tomcat/9.0.36]
2020-07-29 18:11:05.481 [main] INFO  o.a.c.core.ContainerBase.[Tomcat].[localhost].[/] - Initializing Spring embedded WebApplicationContext
2020-07-29 18:11:05.481 [main] INFO  o.s.b.w.s.c.ServletWebServerApplicationContext - Root WebApplicationContext: initialization completed in 3411 ms
2020-07-29 18:11:08.757 [main] INFO  o.s.b.actuate.endpoint.web.EndpointLinksResolver - Exposing 14 endpoint(s) beneath base path '/actuator'
2020-07-29 18:11:08.877 [main] INFO  s.d.s.w.PropertySourcedRequestMappingHandlerMapping - Mapped URL path [/v2/api-docs] onto method [springfox.documentation.swagger2.web.Swagger2Controller#getDocumentation(String, HttpServletRequest)]
2020-07-29 18:11:09.028 [main] INFO  o.s.scheduling.concurrent.ThreadPoolTaskExecutor - Initializing ExecutorService 'applicationTaskExecutor'
2020-07-29 18:11:09.578 [main] INFO  o.s.security.web.DefaultSecurityFilterChain - Creating filter chain: any request, [org.springframework.security.web.context.request.async.WebAsyncManagerIntegrationFilter@697a0948, org.springframework.security.web.context.SecurityContextPersistenceFilter@4017fe2c, org.springframework.security.web.header.HeaderWriterFilter@5fed9976, org.springframework.security.web.csrf.CsrfFilter@61608e1a, org.springframework.security.web.authentication.logout.LogoutFilter@261b9a37, org.springframework.security.web.authentication.UsernamePasswordAuthenticationFilter@773c2214, org.springframework.security.web.authentication.ui.DefaultLoginPageGeneratingFilter@9df564f, org.springframework.security.web.authentication.ui.DefaultLogoutPageGeneratingFilter@7cf63b9a, org.springframework.security.web.authentication.www.BasicAuthenticationFilter@79957f11, org.springframework.security.web.savedrequest.RequestCacheAwareFilter@677ce519, org.springframework.security.web.servletapi.SecurityContextHolderAwareRequestFilter@2f995afc, org.springframework.security.web.authentication.AnonymousAuthenticationFilter@4776e209, org.springframework.security.web.session.SessionManagementFilter@4f363abd, org.springframework.security.web.access.ExceptionTranslationFilter@521441d5, org.springframework.security.web.access.intercept.FilterSecurityInterceptor@9cfc77]
2020-07-29 18:11:09.668 [main] INFO  org.apache.coyote.http11.Http11NioProtocol - Starting ProtocolHandler ["http-nio-8888"]
2020-07-29 18:11:09.707 [main] INFO  o.s.boot.web.embedded.tomcat.TomcatWebServer - Tomcat started on port(s): 8888 (http) with context path ''
2020-07-29 18:11:09.709 [main] INFO  s.d.s.web.plugins.DocumentationPluginsBootstrapper - Context refreshed
2020-07-29 18:11:09.741 [main] INFO  s.d.s.web.plugins.DocumentationPluginsBootstrapper - Found 1 custom documentation plugin(s)
2020-07-29 18:11:09.837 [main] INFO  s.d.spring.web.scanners.ApiListingReferenceScanner - Scanning for api listing references
2020-07-29 18:11:10.093 [main] INFO  s.d.s.w.r.operation.CachingOperationNameGenerator - Generating unique operation named: deleteUsingDELETE_1
2020-07-29 18:11:10.204 [main] INFO  com.bos.source.HellodemoApplication - Started HellodemoApplication in 9.466 seconds (JVM running for 11.591)
2020-07-29 18:11:21.816 [main] INFO  com.bos.source.HellodemoApplication - Starting HellodemoApplication on DESKTOP-87J7PPL with PID 9812 (D:\000ideapro\javaboyzijicode\springbootproself\exercise\target\classes started by source in D:\000ideapro\javaboyzijicode\springbootproself)
2020-07-29 18:11:21.823 [main] INFO  com.bos.source.HellodemoApplication - No active profile set, falling back to default profiles: default
2020-07-29 18:11:24.934 [main] INFO  o.s.boot.web.embedded.tomcat.TomcatWebServer - Tomcat initialized with port(s): 8888 (http)
2020-07-29 18:11:24.952 [main] INFO  org.apache.coyote.http11.Http11NioProtocol - Initializing ProtocolHandler ["http-nio-8888"]
2020-07-29 18:11:24.953 [main] INFO  org.apache.catalina.core.StandardService - Starting service [Tomcat]
2020-07-29 18:11:24.954 [main] INFO  org.apache.catalina.core.StandardEngine - Starting Servlet engine: [Apache Tomcat/9.0.36]
2020-07-29 18:11:25.115 [main] INFO  o.a.c.core.ContainerBase.[Tomcat].[localhost].[/] - Initializing Spring embedded WebApplicationContext
2020-07-29 18:11:25.116 [main] INFO  o.s.b.w.s.c.ServletWebServerApplicationContext - Root WebApplicationContext: initialization completed in 3196 ms
2020-07-29 18:11:27.177 [main] INFO  o.s.b.actuate.endpoint.web.EndpointLinksResolver - Exposing 14 endpoint(s) beneath base path '/actuator'
2020-07-29 18:11:27.312 [main] INFO  s.d.s.w.PropertySourcedRequestMappingHandlerMapping - Mapped URL path [/v2/api-docs] onto method [springfox.documentation.swagger2.web.Swagger2Controller#getDocumentation(String, HttpServletRequest)]
2020-07-29 18:11:27.473 [main] INFO  o.s.scheduling.concurrent.ThreadPoolTaskExecutor - Initializing ExecutorService 'applicationTaskExecutor'
2020-07-29 18:11:28.047 [main] INFO  o.s.security.web.DefaultSecurityFilterChain - Creating filter chain: any request, [org.springframework.security.web.context.request.async.WebAsyncManagerIntegrationFilter@110b7837, org.springframework.security.web.context.SecurityContextPersistenceFilter@33a8c9c9, org.springframework.security.web.header.HeaderWriterFilter@7a65a360, org.springframework.security.web.csrf.CsrfFilter@4f1fb828, org.springframework.security.web.authentication.logout.LogoutFilter@377949f1, org.springframework.security.web.authentication.UsernamePasswordAuthenticationFilter@31834a2b, org.springframework.security.web.authentication.ui.DefaultLoginPageGeneratingFilter@4017fe2c, org.springframework.security.web.authentication.ui.DefaultLogoutPageGeneratingFilter@6ee88e21, org.springframework.security.web.authentication.www.BasicAuthenticationFilter@7675c171, org.springframework.security.web.savedrequest.RequestCacheAwareFilter@3daf03d8, org.springframework.security.web.servletapi.SecurityContextHolderAwareRequestFilter@4f363abd, org.springframework.security.web.authentication.AnonymousAuthenticationFilter@78d23d6a, org.springframework.security.web.session.SessionManagementFilter@7cff3f1d, org.springframework.security.web.access.ExceptionTranslationFilter@7197b07f, org.springframework.security.web.access.intercept.FilterSecurityInterceptor@599a9cb2]
2020-07-29 18:11:28.132 [main] INFO  org.apache.coyote.http11.Http11NioProtocol - Starting ProtocolHandler ["http-nio-8888"]
2020-07-29 18:11:28.169 [main] INFO  o.s.boot.web.embedded.tomcat.TomcatWebServer - Tomcat started on port(s): 8888 (http) with context path ''
2020-07-29 18:11:28.171 [main] INFO  s.d.s.web.plugins.DocumentationPluginsBootstrapper - Context refreshed
2020-07-29 18:11:28.203 [main] INFO  s.d.s.web.plugins.DocumentationPluginsBootstrapper - Found 1 custom documentation plugin(s)
2020-07-29 18:11:28.289 [main] INFO  s.d.spring.web.scanners.ApiListingReferenceScanner - Scanning for api listing references
2020-07-29 18:11:28.537 [main] INFO  s.d.s.w.r.operation.CachingOperationNameGenerator - Generating unique operation named: deleteUsingDELETE_1
2020-07-29 18:11:28.657 [main] INFO  com.bos.source.HellodemoApplication - Started HellodemoApplication in 7.926 seconds (JVM running for 9.696)
2020-07-29 18:11:28.919 [RMI TCP Connection(1)-10.242.134.142] INFO  com.alibaba.druid.pool.DruidDataSource - {dataSource-1} inited
2020-07-29 18:11:29.886 [RMI TCP Connection(3)-10.242.134.142] INFO  o.a.c.core.ContainerBase.[Tomcat].[localhost].[/] - Initializing Spring DispatcherServlet 'dispatcherServlet'
2020-07-29 18:11:29.886 [RMI TCP Connection(3)-10.242.134.142] INFO  org.springframework.web.servlet.DispatcherServlet - Initializing Servlet 'dispatcherServlet'
2020-07-29 18:11:29.899 [RMI TCP Connection(3)-10.242.134.142] INFO  org.springframework.web.servlet.DispatcherServlet - Completed initialization in 11 ms
2020-07-29 18:11:38.238 [main] INFO  com.bos.source.HellodemoApplication - Starting HellodemoApplication on DESKTOP-87J7PPL with PID 564 (D:\000ideapro\javaboyzijicode\springbootproself\exercise\target\classes started by source in D:\000ideapro\javaboyzijicode\springbootproself)
2020-07-29 18:11:38.245 [main] INFO  com.bos.source.HellodemoApplication - No active profile set, falling back to default profiles: default
2020-07-29 18:11:41.489 [main] INFO  o.s.boot.web.embedded.tomcat.TomcatWebServer - Tomcat initialized with port(s): 8888 (http)
2020-07-29 18:11:41.505 [main] INFO  org.apache.coyote.http11.Http11NioProtocol - Initializing ProtocolHandler ["http-nio-8888"]
2020-07-29 18:11:41.506 [main] INFO  org.apache.catalina.core.StandardService - Starting service [Tomcat]
2020-07-29 18:11:41.507 [main] INFO  org.apache.catalina.core.StandardEngine - Starting Servlet engine: [Apache Tomcat/9.0.36]
2020-07-29 18:11:41.704 [main] INFO  o.a.c.core.ContainerBase.[Tomcat].[localhost].[/] - Initializing Spring embedded WebApplicationContext
2020-07-29 18:11:41.705 [main] INFO  o.s.b.w.s.c.ServletWebServerApplicationContext - Root WebApplicationContext: initialization completed in 3361 ms
2020-07-29 18:11:43.636 [main] INFO  o.s.b.actuate.endpoint.web.EndpointLinksResolver - Exposing 14 endpoint(s) beneath base path '/actuator'
2020-07-29 18:11:43.754 [main] INFO  s.d.s.w.PropertySourcedRequestMappingHandlerMapping - Mapped URL path [/v2/api-docs] onto method [springfox.documentation.swagger2.web.Swagger2Controller#getDocumentation(String, HttpServletRequest)]
2020-07-29 18:11:43.905 [main] INFO  o.s.scheduling.concurrent.ThreadPoolTaskExecutor - Initializing ExecutorService 'applicationTaskExecutor'
2020-07-29 18:11:44.451 [main] INFO  o.s.security.web.DefaultSecurityFilterChain - Creating filter chain: any request, [org.springframework.security.web.context.request.async.WebAsyncManagerIntegrationFilter@6f731759, org.springframework.security.web.context.SecurityContextPersistenceFilter@738a5848, org.springframework.security.web.header.HeaderWriterFilter@70ede57d, org.springframework.security.web.csrf.CsrfFilter@3c9ef6e9, org.springframework.security.web.authentication.logout.LogoutFilter@7a65a360, org.springframework.security.web.authentication.UsernamePasswordAuthenticationFilter@5460edd3, org.springframework.security.web.authentication.ui.DefaultLoginPageGeneratingFilter@36359723, org.springframework.security.web.authentication.ui.DefaultLogoutPageGeneratingFilter@1f84327b, org.springframework.security.web.authentication.www.BasicAuthenticationFilter@643ba1ed, org.springframework.security.web.savedrequest.RequestCacheAwareFilter@324b6a56, org.springframework.security.web.servletapi.SecurityContextHolderAwareRequestFilter@45592af7, org.springframework.security.web.authentication.AnonymousAuthenticationFilter@39549f33, org.springframework.security.web.session.SessionManagementFilter@61f377d1, org.springframework.security.web.access.ExceptionTranslationFilter@65be88ae, org.springframework.security.web.access.intercept.FilterSecurityInterceptor@5e50df2e]
2020-07-29 18:11:44.550 [main] INFO  org.apache.coyote.http11.Http11NioProtocol - Starting ProtocolHandler ["http-nio-8888"]
2020-07-29 18:11:44.612 [main] INFO  o.s.boot.web.embedded.tomcat.TomcatWebServer - Tomcat started on port(s): 8888 (http) with context path ''
2020-07-29 18:11:44.615 [main] INFO  s.d.s.web.plugins.DocumentationPluginsBootstrapper - Context refreshed
2020-07-29 18:11:44.645 [main] INFO  s.d.s.web.plugins.DocumentationPluginsBootstrapper - Found 1 custom documentation plugin(s)
2020-07-29 18:11:44.727 [main] INFO  s.d.spring.web.scanners.ApiListingReferenceScanner - Scanning for api listing references
2020-07-29 18:11:44.954 [main] INFO  s.d.s.w.r.operation.CachingOperationNameGenerator - Generating unique operation named: deleteUsingDELETE_1
2020-07-29 18:11:45.070 [main] INFO  com.bos.source.HellodemoApplication - Started HellodemoApplication in 7.975 seconds (JVM running for 9.864)
2020-07-29 18:11:46.113 [RMI TCP Connection(2)-10.242.134.142] INFO  o.a.c.core.ContainerBase.[Tomcat].[localhost].[/] - Initializing Spring DispatcherServlet 'dispatcherServlet'
2020-07-29 18:11:46.113 [RMI TCP Connection(2)-10.242.134.142] INFO  org.springframework.web.servlet.DispatcherServlet - Initializing Servlet 'dispatcherServlet'
2020-07-29 18:11:46.127 [RMI TCP Connection(2)-10.242.134.142] INFO  org.springframework.web.servlet.DispatcherServlet - Completed initialization in 14 ms
2020-07-29 18:11:46.174 [RMI TCP Connection(1)-10.242.134.142] INFO  com.alibaba.druid.pool.DruidDataSource - {dataSource-1} inited
